<?xml version="1.0" encoding="UTF-8"?>
<!-- Generated by org.testng.reporters.JUnitReportReporter -->
<testsuite hostname="DESKTOP-7GC1PIP" failures="0" tests="1" name="com.ppt.Test_Yatra" time="876.305" errors="0" timestamp="2023-04-10T15:54:27 IST" skipped="0">
  <testcase classname="com.ppt.Test_Yatra" name="main1" time="876.305"/>
  <system-out/>
</testsuite> <!-- com.ppt.Test_Yatra -->
